[08-Dec-2025 10:35:47 Europe/Berlin] PHP Fatal error:  Uncaught mysqli_sql_exception: No connection could be made because the target machine actively refused it in C:\xampp\htdocs\MobileNest\config.php:20
Stack trace:
#0 C:\xampp\htdocs\MobileNest\config.php(20): mysqli_connect('localhost', 'root', Object(SensitiveParameterValue), 'mobilenest_db')
#1 C:\xampp\htdocs\MobileNest\index.php(2): require_once('C:\\xampp\\htdocs...')
#2 {main}
  thrown in C:\xampp\htdocs\MobileNest\config.php on line 20
[08-Dec-2025 10:35:53 Europe/Berlin] PHP Fatal error:  Uncaught mysqli_sql_exception: No connection could be made because the target machine actively refused it in C:\xampp\htdocs\MobileNest\config.php:20
Stack trace:
#0 C:\xampp\htdocs\MobileNest\config.php(20): mysqli_connect('localhost', 'root', Object(SensitiveParameterValue), 'mobilenest_db')
#1 C:\xampp\htdocs\MobileNest\index.php(2): require_once('C:\\xampp\\htdocs...')
#2 {main}
  thrown in C:\xampp\htdocs\MobileNest\config.php on line 20
[08-Dec-2025 10:36:01 Europe/Berlin] PHP Fatal error:  Uncaught mysqli_sql_exception: No connection could be made because the target machine actively refused it in C:\xampp\htdocs\MobileNest\config.php:20
Stack trace:
#0 C:\xampp\htdocs\MobileNest\config.php(20): mysqli_connect('localhost', 'root', Object(SensitiveParameterValue), 'mobilenest_db')
#1 C:\xampp\htdocs\MobileNest\index.php(2): require_once('C:\\xampp\\htdocs...')
#2 {main}
  thrown in C:\xampp\htdocs\MobileNest\config.php on line 20
[08-Dec-2025 10:37:14 Europe/Berlin] PHP Fatal error:  Uncaught mysqli_sql_exception: No connection could be made because the target machine actively refused it in C:\xampp\htdocs\MobileNest\config.php:20
Stack trace:
#0 C:\xampp\htdocs\MobileNest\config.php(20): mysqli_connect('localhost', 'root', Object(SensitiveParameterValue), 'mobilenest_db')
#1 C:\xampp\htdocs\MobileNest\index.php(2): require_once('C:\\xampp\\htdocs...')
#2 {main}
  thrown in C:\xampp\htdocs\MobileNest\config.php on line 20
